Arguments: 
  C:\Program Files\nodejs\node.exe C:\Users\SOFTWARE\AppData\Roaming\npm\node_modules\yarn\bin\yarn.js add --dev jest

PATH: 
  C:\Windows\system32;C:\Windows;C:\Windows\System32\Wbem;C:\Windows\System32\WindowsPowerShell\v1.0\;C:\Windows\System32\OpenSSH\;C:\Program Files\Git\cmd;C:\Program Files\Microsoft VS Code\bin;C:\Program Files\MongoDB\Server\6.0\bin;C:\Program Files\nodejs\;C:\Users\SOFTWARE\AppData\Local\Programs\Python\Python311\Scripts\;C:\Users\SOFTWARE\AppData\Local\Programs\Python\Python311\;C:\Program Files\MySQL\MySQL Shell 8.0\bin\;C:\Users\SOFTWARE\AppData\Local\Microsoft\WindowsApps;C:\Users\SOFTWARE\AppData\Roaming\npm

Yarn version: 
  1.22.19

Node version: 
  18.17.1

Platform: 
  win32 x64

Trace: 
  Error: connect ECONNREFUSED 2606:4700::6810:1e22:443
      at TCPConnectWrap.afterConnect [as oncomplete] (node:net:1495:16)

npm manifest: 
  {
    "name": "react",
    "lockfileVersion": 3,
    "requires": true,
    "packages": {}
  }

yarn manifest: 
  No manifest

Lockfile: 
  No lockfile
